# JRE version: OpenJDK Runtime Environment (17.0.10) (build 17.0.10+0--11609105)
# Java VM: OpenJDK 64-Bit Server VM (17.0.10+0--11609105, mixed mode, tiered, compressed oops, compressed class ptrs, g1 gc, windows-amd64)
GC Precious Log:
 CPUs: 4 total, 4 available
 Memory: 8067M
 Large Page Support: Disabled
 NUMA Support: Disabled
 Compressed Oops: Enabled (32-bit)
 Heap Region Size: 1M
 Heap Min Capacity: 8M
 Heap Initial Capacity: 128M
 Heap Max Capacity: 2G
 Pre-touch: Disabled
 Parallel Workers: 4
 Concurrent Workers: 1
 Concurrent Refinement Workers: 4
 Periodic GC: Disabled
Heap:
 garbage-first heap   total 494592K, used 334336K [0x0000000080000000, 0x0000000100000000)
  region size 1024K, 32 young (32768K), 9 survivors (9216K)
 Metaspace       used 227932K, committed 229504K, reserved 1310720K
  class space    used 29856K, committed 30592K, reserved 1048576K
GC Heap History (20 events):
Event: 408.137 GC heap before
{Heap before GC invocations=75 (full 0):
 garbage-first heap   total 494592K, used 405863K [0x0000000080000000, 0x0000000100000000)
  region size 1024K, 144 young (147456K), 3 survivors (3072K)
 Metaspace       used 215428K, committed 216768K, reserved 1245184K
  class space    used 28454K, committed 29120K, reserved 1048576K
}
Event: 408.160 GC heap after
{Heap after GC invocations=76 (full 0):
 garbage-first heap   total 494592K, used 266321K [0x0000000080000000, 0x0000000100000000)
  region size 1024K, 14 young (14336K), 14 survivors (14336K)
 Metaspace       used 215428K, committed 216768K, reserved 1245184K
  class space    used 28454K, committed 29120K, reserved 1048576K
}
Event: 410.011 GC heap before
{Heap before GC invocations=76 (full 0):
 garbage-first heap   total 494592K, used 397393K [0x0000000080000000, 0x0000000100000000)
  region size 1024K, 142 young (145408K), 14 survivors (14336K)
 Metaspace       used 215428K, committed 216768K, reserved 1245184K
  class space    used 28454K, committed 29120K, reserved 1048576K
}
Event: 410.042 GC heap after
{Heap after GC invocations=77 (full 0):
 garbage-first heap   total 494592K, used 270267K [0x0000000080000000, 0x0000000100000000)
  region size 1024K, 6 young (6144K), 6 survivors (6144K)
 Metaspace       used 215428K, committed 216768K, reserved 1245184K
  class space    used 28454K, committed 29120K, reserved 1048576K
}
Event: 412.942 GC heap before
{Heap before GC invocations=77 (full 0):
 garbage-first heap   total 494592K, used 403387K [0x0000000080000000, 0x0000000100000000)
  region size 1024K, 136 young (139264K), 6 survivors (6144K)
 Metaspace       used 215429K, committed 216768K, reserved 1245184K
  class space    used 28454K, committed 29120K, reserved 1048576K
}
Event: 412.970 GC heap after
{Heap after GC invocations=78 (full 0):
 garbage-first heap   total 494592K, used 274363K [0x0000000080000000, 0x0000000100000000)
  region size 1024K, 10 young (10240K), 10 survivors (10240K)
 Metaspace       used 215429K, committed 216768K, reserved 1245184K
  class space    used 28454K, committed 29120K, reserved 1048576K
}
Event: 415.047 GC heap before
{Heap before GC invocations=78 (full 0):
 garbage-first heap   total 494592K, used 407483K [0x0000000080000000, 0x0000000100000000)
  region size 1024K, 140 young (143360K), 10 survivors (10240K)
 Metaspace       used 215429K, committed 216768K, reserved 1245184K
  class space    used 28454K, committed 29120K, reserved 1048576K
}
Event: 415.066 GC heap after
{Heap after GC invocations=79 (full 0):
 garbage-first heap   total 494592K, used 277864K [0x0000000080000000, 0x0000000100000000)
  region size 1024K, 11 young (11264K), 11 survivors (11264K)
 Metaspace       used 215429K, committed 216768K, reserved 1245184K
  class space    used 28454K, committed 29120K, reserved 1048576K
}
Event: 416.963 GC heap before
{Heap before GC invocations=79 (full 0):
 garbage-first heap   total 494592K, used 410984K [0x0000000080000000, 0x0000000100000000)
  region size 1024K, 141 young (144384K), 11 survivors (11264K)
 Metaspace       used 215429K, committed 216768K, reserved 1245184K
  class space    used 28454K, committed 29120K, reserved 1048576K
}
Event: 416.981 GC heap after
{Heap after GC invocations=80 (full 0):
 garbage-first heap   total 494592K, used 281099K [0x0000000080000000, 0x0000000100000000)
  region size 1024K, 9 young (9216K), 9 survivors (9216K)
 Metaspace       used 215429K, committed 216768K, reserved 1245184K
  class space    used 28454K, committed 29120K, reserved 1048576K
}
Event: 418.596 GC heap before
{Heap before GC invocations=80 (full 0):
 garbage-first heap   total 494592K, used 414219K [0x0000000080000000, 0x0000000100000000)
  region size 1024K, 139 young (142336K), 9 survivors (9216K)
 Metaspace       used 215429K, committed 216768K, reserved 1245184K
  class space    used 28454K, committed 29120K, reserved 1048576K
}
Event: 418.616 GC heap after
{Heap after GC invocations=81 (full 0):
 garbage-first heap   total 494592K, used 284615K [0x0000000080000000, 0x0000000100000000)
  region size 1024K, 13 young (13312K), 13 survivors (13312K)
 Metaspace       used 215429K, committed 216768K, reserved 1245184K
  class space    used 28454K, committed 29120K, reserved 1048576K
}
Event: 420.661 GC heap before
{Heap before GC invocations=81 (full 0):
 garbage-first heap   total 494592K, used 423879K [0x0000000080000000, 0x0000000100000000)
  region size 1024K, 142 young (145408K), 13 survivors (13312K)
 Metaspace       used 215687K, committed 217024K, reserved 1245184K
  class space    used 28499K, committed 29120K, reserved 1048576K
}
Event: 420.680 GC heap after
{Heap after GC invocations=82 (full 0):
 garbage-first heap   total 494592K, used 294746K [0x0000000080000000, 0x0000000100000000)
  region size 1024K, 12 young (12288K), 12 survivors (12288K)
 Metaspace       used 215687K, committed 217024K, reserved 1245184K
  class space    used 28499K, committed 29120K, reserved 1048576K
}
Event: 423.201 GC heap before
{Heap before GC invocations=82 (full 0):
 garbage-first heap   total 494592K, used 421722K [0x0000000080000000, 0x0000000100000000)
  region size 1024K, 134 young (137216K), 12 survivors (12288K)
 Metaspace       used 224312K, committed 225664K, reserved 1245184K
  class space    used 29444K, committed 30080K, reserved 1048576K
}
Event: 423.247 GC heap after
{Heap after GC invocations=83 (full 0):
 garbage-first heap   total 494592K, used 295183K [0x0000000080000000, 0x0000000100000000)
  region size 1024K, 16 young (16384K), 16 survivors (16384K)
 Metaspace       used 224312K, committed 225664K, reserved 1245184K
  class space    used 29444K, committed 30080K, reserved 1048576K
}
Event: 471.913 GC heap before
{Heap before GC invocations=83 (full 0):
 garbage-first heap   total 494592K, used 418063K [0x0000000080000000, 0x0000000100000000)
  region size 1024K, 136 young (139264K), 16 survivors (16384K)
 Metaspace       used 226578K, committed 227968K, reserved 1310720K
  class space    used 29710K, committed 30400K, reserved 1048576K
}
Event: 472.109 GC heap after
{Heap after GC invocations=84 (full 0):
 garbage-first heap   total 494592K, used 304381K [0x0000000080000000, 0x0000000100000000)
  region size 1024K, 11 young (11264K), 11 survivors (11264K)
 Metaspace       used 226578K, committed 227968K, reserved 1310720K
  class space    used 29710K, committed 30400K, reserved 1048576K
}
Event: 511.579 GC heap before
{Heap before GC invocations=84 (full 0):
 garbage-first heap   total 494592K, used 418045K [0x0000000080000000, 0x0000000100000000)
  region size 1024K, 122 young (124928K), 11 survivors (11264K)
 Metaspace       used 227766K, committed 229248K, reserved 1310720K
  class space    used 29828K, committed 30528K, reserved 1048576K
}
Event: 511.659 GC heap after
{Heap after GC invocations=85 (full 0):
 garbage-first heap   total 494592K, used 311808K [0x0000000080000000, 0x0000000100000000)
  region size 1024K, 9 young (9216K), 9 survivors (9216K)
 Metaspace       used 227766K, committed 229248K, reserved 1310720K
  class space    used 29828K, committed 30528K, reserved 1048576K
}

