# JRE version: OpenJDK Runtime Environment (17.0.10) (build 17.0.10+0--11609105)
# Java VM: OpenJDK 64-Bit Server VM (17.0.10+0--11609105, mixed mode, tiered, compressed oops, compressed class ptrs, g1 gc, windows-amd64)
GC Precious Log:
 CPUs: 4 total, 4 available
 Memory: 8067M
 Large Page Support: Disabled
 NUMA Support: Disabled
 Compressed Oops: Enabled (32-bit)
 Heap Region Size: 1M
 Heap Min Capacity: 8M
 Heap Initial Capacity: 128M
 Heap Max Capacity: 2G
 Pre-touch: Disabled
 Parallel Workers: 4
 Concurrent Workers: 1
 Concurrent Refinement Workers: 4
 Periodic GC: Disabled
Heap:
 garbage-first heap   total 295936K, used 152238K [0x0000000080000000, 0x0000000100000000)
  region size 1024K, 7 young (7168K), 7 survivors (7168K)
 Metaspace       used 139726K, committed 140800K, reserved 1179648K
  class space    used 19152K, committed 19648K, reserved 1048576K
GC Heap History (20 events):
Event: 1643.092 GC heap after
{Heap after GC invocations=51 (full 0):
 garbage-first heap   total 273408K, used 150741K [0x0000000080000000, 0x0000000100000000)
  region size 1024K, 5 young (5120K), 5 survivors (5120K)
 Metaspace       used 130746K, committed 131840K, reserved 1179648K
  class space    used 18198K, committed 18752K, reserved 1048576K
}
Event: 1786.006 GC heap before
{Heap before GC invocations=52 (full 0):
 garbage-first heap   total 285696K, used 239829K [0x0000000080000000, 0x0000000100000000)
  region size 1024K, 78 young (79872K), 5 survivors (5120K)
 Metaspace       used 131032K, committed 132160K, reserved 1179648K
  class space    used 18206K, committed 18752K, reserved 1048576K
}
Event: 1786.072 GC heap after
{Heap after GC invocations=53 (full 0):
 garbage-first heap   total 285696K, used 154619K [0x0000000080000000, 0x0000000100000000)
  region size 1024K, 10 young (10240K), 10 survivors (10240K)
 Metaspace       used 131032K, committed 132160K, reserved 1179648K
  class space    used 18206K, committed 18752K, reserved 1048576K
}
Event: 1786.141 GC heap before
{Heap before GC invocations=53 (full 0):
 garbage-first heap   total 285696K, used 156667K [0x0000000080000000, 0x0000000100000000)
  region size 1024K, 13 young (13312K), 10 survivors (10240K)
 Metaspace       used 131032K, committed 132160K, reserved 1179648K
  class space    used 18206K, committed 18752K, reserved 1048576K
}
Event: 1786.266 GC heap after
{Heap after GC invocations=54 (full 0):
 garbage-first heap   total 285696K, used 145973K [0x0000000080000000, 0x0000000100000000)
  region size 1024K, 2 young (2048K), 2 survivors (2048K)
 Metaspace       used 131032K, committed 132160K, reserved 1179648K
  class space    used 18206K, committed 18752K, reserved 1048576K
}
Event: 1795.180 GC heap before
{Heap before GC invocations=54 (full 0):
 garbage-first heap   total 285696K, used 217653K [0x0000000080000000, 0x0000000100000000)
  region size 1024K, 74 young (75776K), 2 survivors (2048K)
 Metaspace       used 131499K, committed 132672K, reserved 1179648K
  class space    used 18246K, committed 18816K, reserved 1048576K
}
Event: 1795.199 GC heap after
{Heap after GC invocations=55 (full 0):
 garbage-first heap   total 285696K, used 150999K [0x0000000080000000, 0x0000000100000000)
  region size 1024K, 7 young (7168K), 7 survivors (7168K)
 Metaspace       used 131499K, committed 132672K, reserved 1179648K
  class space    used 18246K, committed 18816K, reserved 1048576K
}
Event: 2160.630 GC heap before
{Heap before GC invocations=56 (full 0):
 garbage-first heap   total 291840K, used 248279K [0x0000000080000000, 0x0000000100000000)
  region size 1024K, 86 young (88064K), 7 survivors (7168K)
 Metaspace       used 131679K, committed 132864K, reserved 1179648K
  class space    used 18248K, committed 18816K, reserved 1048576K
}
Event: 2160.760 GC heap after
{Heap after GC invocations=57 (full 0):
 garbage-first heap   total 291840K, used 157355K [0x0000000080000000, 0x0000000100000000)
  region size 1024K, 9 young (9216K), 9 survivors (9216K)
 Metaspace       used 131679K, committed 132864K, reserved 1179648K
  class space    used 18248K, committed 18816K, reserved 1048576K
}
Event: 2161.011 GC heap before
{Heap before GC invocations=57 (full 0):
 garbage-first heap   total 291840K, used 162475K [0x0000000080000000, 0x0000000100000000)
  region size 1024K, 14 young (14336K), 9 survivors (9216K)
 Metaspace       used 131681K, committed 132864K, reserved 1179648K
  class space    used 18248K, committed 18816K, reserved 1048576K
}
Event: 2161.088 GC heap after
{Heap after GC invocations=58 (full 0):
 garbage-first heap   total 291840K, used 149383K [0x0000000080000000, 0x0000000100000000)
  region size 1024K, 2 young (2048K), 2 survivors (2048K)
 Metaspace       used 131681K, committed 132864K, reserved 1179648K
  class space    used 18248K, committed 18816K, reserved 1048576K
}
Event: 2162.517 GC heap before
{Heap before GC invocations=58 (full 0):
 garbage-first heap   total 291840K, used 162695K [0x0000000080000000, 0x0000000100000000)
  region size 1024K, 16 young (16384K), 2 survivors (2048K)
 Metaspace       used 131825K, committed 132992K, reserved 1179648K
  class space    used 18263K, committed 18816K, reserved 1048576K
}
Event: 2162.554 GC heap after
{Heap after GC invocations=59 (full 0):
 garbage-first heap   total 291840K, used 150794K [0x0000000080000000, 0x0000000100000000)
  region size 1024K, 4 young (4096K), 4 survivors (4096K)
 Metaspace       used 131825K, committed 132992K, reserved 1179648K
  class space    used 18263K, committed 18816K, reserved 1048576K
}
Event: 2168.948 GC heap before
{Heap before GC invocations=60 (full 0):
 garbage-first heap   total 291840K, used 254218K [0x0000000080000000, 0x0000000100000000)
  region size 1024K, 76 young (77824K), 4 survivors (4096K)
 Metaspace       used 135615K, committed 136704K, reserved 1179648K
  class space    used 18694K, committed 19264K, reserved 1048576K
}
Event: 2169.023 GC heap after
{Heap after GC invocations=61 (full 0):
 garbage-first heap   total 291840K, used 169649K [0x0000000080000000, 0x0000000100000000)
  region size 1024K, 10 young (10240K), 10 survivors (10240K)
 Metaspace       used 135615K, committed 136704K, reserved 1179648K
  class space    used 18694K, committed 19264K, reserved 1048576K
}
Event: 2169.253 GC heap before
{Heap before GC invocations=61 (full 0):
 garbage-first heap   total 291840K, used 173745K [0x0000000080000000, 0x0000000100000000)
  region size 1024K, 14 young (14336K), 10 survivors (10240K)
 Metaspace       used 135891K, committed 136960K, reserved 1179648K
  class space    used 18720K, committed 19264K, reserved 1048576K
}
Event: 2169.312 GC heap after
{Heap after GC invocations=62 (full 0):
 garbage-first heap   total 291840K, used 148384K [0x0000000080000000, 0x0000000100000000)
  region size 1024K, 2 young (2048K), 2 survivors (2048K)
 Metaspace       used 135891K, committed 136960K, reserved 1179648K
  class space    used 18720K, committed 19264K, reserved 1048576K
}
Event: 2169.725 GC heap before
{Heap before GC invocations=62 (full 0):
 garbage-first heap   total 291840K, used 159648K [0x0000000080000000, 0x0000000100000000)
  region size 1024K, 14 young (14336K), 2 survivors (2048K)
 Metaspace       used 137033K, committed 138112K, reserved 1179648K
  class space    used 18821K, committed 19328K, reserved 1048576K
}
Event: 2169.759 GC heap after
{Heap after GC invocations=63 (full 0):
 garbage-first heap   total 291840K, used 146325K [0x0000000080000000, 0x0000000100000000)
  region size 1024K, 1 young (1024K), 1 survivors (1024K)
 Metaspace       used 137033K, committed 138112K, reserved 1179648K
  class space    used 18821K, committed 19328K, reserved 1048576K
}
Event: 2176.114 GC heap before
{Heap before GC invocations=63 (full 0):
 garbage-first heap   total 291840K, used 216981K [0x0000000080000000, 0x0000000100000000)
  region size 1024K, 71 young (72704K), 1 survivors (1024K)
 Metaspace       used 139726K, committed 140800K, reserved 1179648K
  class space    used 19152K, committed 19648K, reserved 1048576K
}

